14:08:05.277 [main] INFO  ContactServiceApp.ContactService - Starting create contact...
14:08:06.988 [main] INFO  ContactServiceApp.ContactService - Finished create contact...
14:08:25.885 [main] INFO  ContactServiceApp.ContactService - Starting create contact...
14:08:25.885 [main] INFO  ContactServiceApp.ContactService - Finished create contact...
14:08:25.887 [main] INFO  ContactServiceApp.ContactService - Modifying contact info...
14:08:26.953 [main] INFO  ContactServiceApp.ContactService - Starting create contact...
14:08:26.953 [main] INFO  ContactServiceApp.ContactService - Finished create contact...
14:09:39.112 [main] INFO  ContactServiceApp.ContactService - Starting create contact...
14:09:39.115 [main] INFO  ContactServiceApp.ContactService - Finished create contact...
14:10:52.921 [main] INFO  ContactServiceApp.ContactService - Starting create contact...
14:10:52.924 [main] INFO  ContactServiceApp.ContactService - Finished create contact...
14:18:45.293 [main] INFO  ContactServiceApp.ContactService - Starting create contact...
14:18:45.296 [main] INFO  ContactServiceApp.ContactService - Finished create contact...
14:19:38.607 [main] INFO  ContactServiceApp.ContactService - Starting create contact...
14:19:38.610 [main] INFO  ContactServiceApp.ContactService - Finished create contact...
14:19:48.749 [main] INFO  ContactServiceApp.ContactService - Starting create contact...
14:19:48.752 [main] INFO  ContactServiceApp.ContactService - Finished create contact...
14:20:55.229 [main] INFO  ContactServiceApp.ContactService - Starting create contact...
14:20:55.232 [main] INFO  ContactServiceApp.ContactService - Finished create contact...
14:21:43.848 [main] INFO  ContactServiceApp.ContactService - Starting create contact...
14:21:43.850 [main] INFO  ContactServiceApp.ContactService - Finished create contact...
20:26:37.017 [main] INFO  ContactServiceApp.ContactService - Starting create contact...
20:26:37.022 [main] INFO  ContactServiceApp.ContactService - Finished create contact...
20:26:37.025 [main] INFO  ContactServiceApp.ContactService - Starting create contact...
20:26:37.025 [main] INFO  ContactServiceApp.ContactService - Finished create contact...
20:26:37.026 [main] INFO  ContactServiceApp.ContactService - Modifying contact info...
20:26:37.026 [main] INFO  ContactServiceApp.ContactService - Starting create contact...
20:26:37.026 [main] INFO  ContactServiceApp.ContactService - Finished create contact...
20:29:00.275 [main] INFO  ContactServiceApp.ContactService - Starting create contact...
20:29:00.278 [main] INFO  ContactServiceApp.ContactService - Finished create contact...
20:29:00.280 [main] INFO  ContactServiceApp.ContactService - Starting create contact...
20:29:00.281 [main] INFO  ContactServiceApp.ContactService - Finished create contact...
20:29:00.288 [main] INFO  ContactServiceApp.ContactService - Modifying contact info...
20:29:00.288 [main] INFO  ContactServiceApp.ContactService - Starting create contact...
20:29:00.288 [main] INFO  ContactServiceApp.ContactService - Finished create contact...
20:29:51.145 [main] INFO  ContactServiceApp.ContactService - Starting create contact...
20:29:51.147 [main] INFO  ContactServiceApp.ContactService - Finished create contact...
20:29:51.150 [main] INFO  ContactServiceApp.ContactService - Starting create contact...
20:29:51.150 [main] INFO  ContactServiceApp.ContactService - Finished create contact...
20:29:51.158 [main] INFO  ContactServiceApp.ContactService - Modifying contact info...
20:29:51.158 [main] INFO  ContactServiceApp.ContactService - Starting create contact...
20:29:51.158 [main] INFO  ContactServiceApp.ContactService - Finished create contact...
20:31:18.523 [main] INFO  ContactServiceApp.ContactService - Starting create contact...
20:31:18.526 [main] INFO  ContactServiceApp.ContactService - Finished create contact...
20:31:18.529 [main] INFO  ContactServiceApp.ContactService - Starting create contact...
20:31:18.529 [main] INFO  ContactServiceApp.ContactService - Finished create contact...
20:31:18.536 [main] INFO  ContactServiceApp.ContactService - Modifying contact info...
20:31:18.536 [main] INFO  ContactServiceApp.ContactService - Starting create contact...
20:31:18.536 [main] INFO  ContactServiceApp.ContactService - Finished create contact...
20:31:40.679 [main] INFO  ContactServiceApp.ContactService - Starting create contact...
20:31:40.682 [main] INFO  ContactServiceApp.ContactService - Finished create contact...
20:31:40.685 [main] INFO  ContactServiceApp.ContactService - Starting create contact...
20:31:40.685 [main] INFO  ContactServiceApp.ContactService - Finished create contact...
20:31:40.693 [main] INFO  ContactServiceApp.ContactService - Modifying contact info...
20:31:40.693 [main] INFO  ContactServiceApp.ContactService - Starting create contact...
20:31:40.693 [main] INFO  ContactServiceApp.ContactService - Finished create contact...
20:39:09.068 [main] INFO  ContactServiceApp.ContactService - Starting create contact...
20:39:09.071 [main] INFO  ContactServiceApp.ContactService - Finished create contact...
20:39:09.074 [main] INFO  ContactServiceApp.ContactService - Starting create contact...
20:39:09.074 [main] INFO  ContactServiceApp.ContactService - Finished create contact...
20:39:09.082 [main] INFO  ContactServiceApp.ContactService - Modifying contact info...
20:39:09.082 [main] INFO  ContactServiceApp.ContactService - Starting create contact...
20:39:09.082 [main] INFO  ContactServiceApp.ContactService - Finished create contact...
20:49:25.558 [main] INFO  ContactServiceApp.ContactService - Starting create contact...
20:49:25.560 [main] INFO  ContactServiceApp.ContactService - Finished create contact...
20:49:25.564 [main] INFO  ContactServiceApp.ContactService - Starting create contact...
20:49:25.564 [main] INFO  ContactServiceApp.ContactService - Finished create contact...
20:49:25.572 [main] INFO  ContactServiceApp.ContactService - Modifying contact info...
20:49:25.572 [main] INFO  ContactServiceApp.ContactService - Starting create contact...
20:49:25.572 [main] INFO  ContactServiceApp.ContactService - Finished create contact...
22:06:57.003 [main] INFO  ContactServiceApp.ContactService - Modifying contact info...
22:06:57.005 [main] INFO  ContactServiceApp.ContactService - Starting create contact...
22:06:57.006 [main] INFO  ContactServiceApp.ContactService - Finished create contact...
22:07:26.659 [main] INFO  ContactServiceApp.ContactService - Modifying contact info...
22:07:26.662 [main] INFO  ContactServiceApp.ContactService - Starting create contact...
22:07:26.662 [main] INFO  ContactServiceApp.ContactService - Finished create contact...
22:07:33.759 [main] INFO  ContactServiceApp.ContactService - Modifying contact info...
22:07:33.762 [main] INFO  ContactServiceApp.ContactService - Starting create contact...
22:07:33.762 [main] INFO  ContactServiceApp.ContactService - Finished create contact...
22:10:16.496 [main] INFO  ContactServiceApp.ContactService - Modifying contact info...
22:10:16.498 [main] INFO  ContactServiceApp.ContactService - Starting create contact...
22:10:16.499 [main] INFO  ContactServiceApp.ContactService - Finished create contact...
22:10:16.499 [main] INFO  ContactServiceApp.ContactService - Finished modifying contact info...
22:16:43.500 [main] INFO  ContactServiceApp.ContactService - Starting create contact...
22:16:43.503 [main] DEBUG ContactServiceApp.ContactService - Finished create contact...
22:16:43.512 [main] INFO  ContactServiceApp.ContactService - Deleting contact info...
22:16:43.512 [main] INFO  ContactServiceApp.ContactService - Starting create contact...
22:16:43.512 [main] DEBUG ContactServiceApp.ContactService - Finished create contact...
22:16:43.512 [main] INFO  ContactServiceApp.ContactService - Deleted contact info...
22:16:43.516 [main] INFO  ContactServiceApp.ContactService - Modifying contact info...
22:16:43.516 [main] INFO  ContactServiceApp.ContactService - Starting create contact...
22:16:43.516 [main] DEBUG ContactServiceApp.ContactService - Finished create contact...
22:16:43.516 [main] INFO  ContactServiceApp.ContactService - Finished modifying contact info...
22:17:12.360 [main] INFO  ContactServiceApp.ContactService - Starting create contact...
22:17:12.362 [main] INFO  ContactServiceApp.ContactService - Finished create contact...
22:17:12.365 [main] INFO  ContactServiceApp.ContactService - Deleting contact info...
22:17:12.366 [main] INFO  ContactServiceApp.ContactService - Starting create contact...
22:17:12.366 [main] INFO  ContactServiceApp.ContactService - Finished create contact...
22:17:12.366 [main] INFO  ContactServiceApp.ContactService - Deleted contact info...
22:17:12.374 [main] INFO  ContactServiceApp.ContactService - Modifying contact info...
22:17:12.374 [main] INFO  ContactServiceApp.ContactService - Starting create contact...
22:17:12.374 [main] INFO  ContactServiceApp.ContactService - Finished create contact...
22:17:12.374 [main] INFO  ContactServiceApp.ContactService - Finished modifying contact info...
22:17:48.230 [main] INFO  ContactServiceApp.ContactService - Starting create contact...
22:17:48.233 [main] INFO  ContactServiceApp.ContactService - Finished create contact...
22:17:48.236 [main] INFO  ContactServiceApp.ContactService - Deleting contact info...
22:17:48.236 [main] INFO  ContactServiceApp.ContactService - Starting create contact...
22:17:48.236 [main] INFO  ContactServiceApp.ContactService - Finished create contact...
22:17:48.236 [main] INFO  ContactServiceApp.ContactService - Deleted contact info...
22:17:48.245 [main] INFO  ContactServiceApp.ContactService - Modifying contact info...
22:17:48.245 [main] INFO  ContactServiceApp.ContactService - Starting create contact...
22:17:48.245 [main] INFO  ContactServiceApp.ContactService - Finished create contact...
22:17:48.245 [main] INFO  ContactServiceApp.ContactService - Finished modifying contact info...
22:21:49.874 [main] INFO  ContactServiceApp.ContactService - Starting create contact...
22:21:49.877 [main] INFO  ContactServiceApp.ContactService - Finished create contact...
22:21:49.881 [main] INFO  ContactServiceApp.ContactService - Deleting contact info...
22:21:49.881 [main] INFO  ContactServiceApp.ContactService - Starting create contact...
22:21:49.881 [main] INFO  ContactServiceApp.ContactService - Finished create contact...
22:21:49.881 [main] INFO  ContactServiceApp.ContactService - Deleted contact info...
22:21:49.889 [main] INFO  ContactServiceApp.ContactService - Modifying contact info...
22:21:49.890 [main] INFO  ContactServiceApp.ContactService - Starting create contact...
22:21:49.890 [main] INFO  ContactServiceApp.ContactService - Finished create contact...
22:21:49.890 [main] INFO  ContactServiceApp.ContactService - Finished modifying contact info...
22:22:19.020 [main] INFO  ContactServiceApp.ContactService - Starting create contact...
22:22:19.023 [main] INFO  ContactServiceApp.ContactService - Finished create contact...
22:22:19.027 [main] INFO  ContactServiceApp.ContactService - Deleting contact info...
22:22:19.028 [main] INFO  ContactServiceApp.ContactService - Starting create contact...
22:22:19.028 [main] INFO  ContactServiceApp.ContactService - Finished create contact...
22:22:19.028 [main] INFO  ContactServiceApp.ContactService - Deleted contact info...
22:22:19.029 [main] INFO  ContactServiceApp.ContactService - Modifying contact info...
22:22:19.029 [main] INFO  ContactServiceApp.ContactService - Starting create contact...
22:22:19.029 [main] INFO  ContactServiceApp.ContactService - Finished create contact...
22:22:19.029 [main] INFO  ContactServiceApp.ContactService - Finished modifying contact info...
22:22:48.153 [main] INFO  ContactServiceApp.ContactService - Starting create contact...
22:22:48.156 [main] INFO  ContactServiceApp.ContactService - Finished create contact...
22:22:48.158 [main] INFO  ContactServiceApp.ContactService - Deleting contact info...
22:22:48.159 [main] INFO  ContactServiceApp.ContactService - Starting create contact...
22:22:48.159 [main] INFO  ContactServiceApp.ContactService - Finished create contact...
22:22:48.159 [main] INFO  ContactServiceApp.ContactService - Deleted contact info...
22:22:48.160 [main] INFO  ContactServiceApp.ContactService - Modifying contact info...
22:22:48.160 [main] INFO  ContactServiceApp.ContactService - Starting create contact...
22:22:48.160 [main] INFO  ContactServiceApp.ContactService - Finished create contact...
22:22:48.160 [main] INFO  ContactServiceApp.ContactService - Finished modifying contact info...
22:27:51.309 [main] INFO  ContactServiceApp.ContactService - Starting create contact...
22:27:51.312 [main] ERROR ContactServiceApp.ContactService - Failed to get contactID
22:27:51.312 [main] ERROR ContactServiceApp.ContactService - Failed to get firstName
22:27:51.312 [main] ERROR ContactServiceApp.ContactService - Failed to get lastName
22:27:51.312 [main] ERROR ContactServiceApp.ContactService - Failed to get phone
22:27:51.312 [main] ERROR ContactServiceApp.ContactService - Failed to get address
22:27:51.312 [main] INFO  ContactServiceApp.ContactService - Finished create contact...
22:27:51.321 [main] INFO  ContactServiceApp.ContactService - Deleting contact info...
22:27:51.322 [main] INFO  ContactServiceApp.ContactService - Starting create contact...
22:27:51.322 [main] ERROR ContactServiceApp.ContactService - Failed to get contactID
22:27:51.322 [main] ERROR ContactServiceApp.ContactService - Failed to get firstName
22:27:51.322 [main] ERROR ContactServiceApp.ContactService - Failed to get lastName
22:27:51.322 [main] ERROR ContactServiceApp.ContactService - Failed to get phone
22:27:51.322 [main] ERROR ContactServiceApp.ContactService - Failed to get address
22:27:51.322 [main] INFO  ContactServiceApp.ContactService - Finished create contact...
22:27:51.322 [main] INFO  ContactServiceApp.ContactService - Deleted contact info...
22:27:51.323 [main] INFO  ContactServiceApp.ContactService - Modifying contact info...
22:27:51.323 [main] INFO  ContactServiceApp.ContactService - Starting create contact...
22:27:51.323 [main] ERROR ContactServiceApp.ContactService - Failed to get contactID
22:27:51.324 [main] ERROR ContactServiceApp.ContactService - Failed to get firstName
22:27:51.324 [main] ERROR ContactServiceApp.ContactService - Failed to get lastName
22:27:51.325 [main] ERROR ContactServiceApp.ContactService - Failed to get phone
22:27:51.325 [main] ERROR ContactServiceApp.ContactService - Failed to get address
22:27:51.325 [main] INFO  ContactServiceApp.ContactService - Finished create contact...
22:27:51.325 [main] INFO  ContactServiceApp.ContactService - Finished modifying contact info...
22:30:16.090 [main] INFO  ContactServiceApp.ContactService - Starting create contact...
22:30:16.093 [main] ERROR ContactServiceApp.ContactService - Failed to get contactID
22:30:16.093 [main] ERROR ContactServiceApp.ContactService - Failed to get firstName
22:30:16.093 [main] ERROR ContactServiceApp.ContactService - Failed to get lastName
22:30:16.093 [main] ERROR ContactServiceApp.ContactService - Failed to get phone
22:30:16.093 [main] ERROR ContactServiceApp.ContactService - Failed to get address
22:30:16.093 [main] INFO  ContactServiceApp.ContactService - Finished create contact...
22:30:16.096 [main] INFO  ContactServiceApp.ContactService - Deleting contact info...
22:30:16.096 [main] INFO  ContactServiceApp.ContactService - Starting create contact...
22:30:16.096 [main] ERROR ContactServiceApp.ContactService - Failed to get contactID
22:30:16.096 [main] ERROR ContactServiceApp.ContactService - Failed to get firstName
22:30:16.096 [main] ERROR ContactServiceApp.ContactService - Failed to get lastName
22:30:16.096 [main] ERROR ContactServiceApp.ContactService - Failed to get phone
22:30:16.096 [main] ERROR ContactServiceApp.ContactService - Failed to get address
22:30:16.096 [main] INFO  ContactServiceApp.ContactService - Finished create contact...
22:30:16.096 [main] INFO  ContactServiceApp.ContactService - Deleted contact info...
22:30:16.098 [main] INFO  ContactServiceApp.ContactService - Modifying contact info...
22:30:16.098 [main] INFO  ContactServiceApp.ContactService - Starting create contact...
22:30:16.098 [main] ERROR ContactServiceApp.ContactService - Failed to get contactID
22:30:16.098 [main] ERROR ContactServiceApp.ContactService - Failed to get firstName
22:30:16.098 [main] ERROR ContactServiceApp.ContactService - Failed to get lastName
22:30:16.099 [main] ERROR ContactServiceApp.ContactService - Failed to get phone
22:30:16.099 [main] ERROR ContactServiceApp.ContactService - Failed to get address
22:30:16.099 [main] INFO  ContactServiceApp.ContactService - Finished create contact...
22:30:16.099 [main] INFO  ContactServiceApp.ContactService - Finished modifying contact info...
22:40:57.713 [main] INFO  ContactServiceApp.ContactService - Starting create contact...
22:40:57.715 [main] DEBUG ContactServiceApp.ContactService - Contact Info: Contact{contactID='abcde', firstName='Kenny', lastName='Peterson', phone='9999998888', address='New Road Lane'}
22:40:57.715 [main] INFO  ContactServiceApp.ContactService - Finished create contact...
22:40:57.724 [main] INFO  ContactServiceApp.ContactService - Deleting contact info...
22:40:57.724 [main] INFO  ContactServiceApp.ContactService - Starting create contact...
22:40:57.724 [main] DEBUG ContactServiceApp.ContactService - Contact Info: Contact{contactID='zzzz', firstName='Jim', lastName='Beam', phone='292382', address='Hawkstone Way'}
22:40:57.724 [main] INFO  ContactServiceApp.ContactService - Finished create contact...
22:40:57.724 [main] INFO  ContactServiceApp.ContactService - Deleted contact info...
22:40:57.726 [main] INFO  ContactServiceApp.ContactService - Modifying contact info...
22:40:57.726 [main] INFO  ContactServiceApp.ContactService - Starting create contact...
22:40:57.726 [main] DEBUG ContactServiceApp.ContactService - Contact Info: Contact{contactID='abcde', firstName='Kenny', lastName='Peterson', phone='9999998888', address='New Road Lane'}
22:40:57.726 [main] INFO  ContactServiceApp.ContactService - Finished create contact...
22:40:57.726 [main] INFO  ContactServiceApp.ContactService - Finished modifying contact info...
22:41:24.990 [main] INFO  ContactServiceApp.ContactService - Starting create contact...
22:41:24.993 [main] DEBUG ContactServiceApp.ContactService - Contact Info: Contact{contactID='abcde', firstName='Kenny', lastName='Peterson', phone='9999998888', address='New Road Lane'}
22:41:24.993 [main] INFO  ContactServiceApp.ContactService - Finished create contact...
22:41:25.001 [main] INFO  ContactServiceApp.ContactService - Deleting contact info...
22:41:25.001 [main] INFO  ContactServiceApp.ContactService - Starting create contact...
22:41:25.001 [main] DEBUG ContactServiceApp.ContactService - Contact Info: Contact{contactID='zzzz', firstName='Jim', lastName='Beam', phone='292382', address='Hawkstone Way'}
22:41:25.001 [main] INFO  ContactServiceApp.ContactService - Finished create contact...
22:41:25.002 [main] INFO  ContactServiceApp.ContactService - Deleted contact info...
22:41:25.003 [main] INFO  ContactServiceApp.ContactService - Modifying contact info...
22:41:25.003 [main] INFO  ContactServiceApp.ContactService - Starting create contact...
22:41:25.003 [main] DEBUG ContactServiceApp.ContactService - Contact Info: Contact{contactID='abcde', firstName='Kenny', lastName='Peterson', phone='9999998888', address='New Road Lane'}
22:41:25.003 [main] INFO  ContactServiceApp.ContactService - Finished create contact...
22:41:25.003 [main] INFO  ContactServiceApp.ContactService - Finished modifying contact info...
22:41:40.812 [main] INFO  ContactServiceApp.ContactService - Starting create contact...
22:41:40.814 [main] DEBUG ContactServiceApp.ContactService - Contact Info: Contact{contactID='abcde', firstName='Kenny', lastName='Peterson', phone='9999998888', address='New Road Lane'}
22:41:40.814 [main] INFO  ContactServiceApp.ContactService - Finished create contact...
22:41:40.817 [main] INFO  ContactServiceApp.ContactService - Deleting contact info...
22:41:40.817 [main] INFO  ContactServiceApp.ContactService - Starting create contact...
22:41:40.817 [main] DEBUG ContactServiceApp.ContactService - Contact Info: Contact{contactID='zzzz', firstName='Jim', lastName='Beam', phone='292382', address='Hawkstone Way'}
22:41:40.817 [main] INFO  ContactServiceApp.ContactService - Finished create contact...
22:41:40.817 [main] INFO  ContactServiceApp.ContactService - Deleted contact info...
22:41:40.818 [main] INFO  ContactServiceApp.ContactService - Modifying contact info...
22:41:40.818 [main] INFO  ContactServiceApp.ContactService - Starting create contact...
22:41:40.818 [main] DEBUG ContactServiceApp.ContactService - Contact Info: Contact{contactID='abcde', firstName='Kenny', lastName='Peterson', phone='9999998888', address='New Road Lane'}
22:41:40.818 [main] INFO  ContactServiceApp.ContactService - Finished create contact...
22:41:40.818 [main] INFO  ContactServiceApp.ContactService - Finished modifying contact info...
